{"time":"2025-06-23T06:56:58.647661758+02:00","level":"INFO","msg":"[main][main]: Démarrage de l'application"}
{"time":"2025-06-23T06:57:15.75301293+02:00","level":"INFO","msg":"[http][middleware]: Requête reçue","method":"GET","path":"/user/1","status":404,"ip":"::1","latency":1446507}
{"time":"2025-06-23T06:57:48.53671979+02:00","level":"INFO","msg":"[user][Add]: Création d'un utilisateur"}
{"time":"2025-06-23T06:57:48.538439222+02:00","level":"INFO","msg":"[http][middleware]: Requête reçue","method":"POST","path":"/user","status":409,"ip":"::1","latency":1722700}
{"time":"2025-06-23T06:58:00.054988017+02:00","level":"INFO","msg":"[user][Get]: Récupération d'un utilisateur"}
{"time":"2025-06-23T06:58:00.055104816+02:00","level":"INFO","msg":"[http][middleware]: Requête reçue","method":"GET","path":"/user/93","status":200,"ip":"::1","latency":1539049}
{"time":"2025-06-24T00:29:50.192697385+02:00","level":"INFO","msg":"[main][main]: Démarrage de l'application"}
{"time":"2025-06-24T00:30:20.298841608+02:00","level":"INFO","msg":"[http][middleware]: Requête reçue","method":"GET","path":"/user-calendar/1","status":404,"ip":"127.0.0.1","latency":2512611}
{"time":"2025-06-24T00:30:29.718510119+02:00","level":"INFO","msg":"[user][Add]: Création d'un utilisateur"}
{"time":"2025-06-24T00:30:29.797612516+02:00","level":"INFO","msg":"[user][Add]: Création d'un utilisateur - succès"}
{"time":"2025-06-24T00:30:29.797713859+02:00","level":"INFO","msg":"[http][middleware]: Requête reçue","method":"POST","path":"/user","status":201,"ip":"127.0.0.1","latency":79201892}
{"time":"2025-06-24T00:30:37.7319082+02:00","level":"INFO","msg":"[calendar][Add]: Création d'un calendrier"}
{"time":"2025-06-24T00:30:37.787241233+02:00","level":"INFO","msg":"[calendar][Add]: Création d'un calendrier - succès"}
{"time":"2025-06-24T00:30:37.787365737+02:00","level":"INFO","msg":"[http][middleware]: Requête reçue","method":"POST","path":"/calendar/309","status":201,"ip":"127.0.0.1","latency":57099609}
{"time":"2025-06-24T00:30:43.781331238+02:00","level":"INFO","msg":"[calendar][Add]: Création d'un calendrier"}
{"time":"2025-06-24T00:30:43.837692643+02:00","level":"INFO","msg":"[calendar][Add]: Création d'un calendrier - succès"}
{"time":"2025-06-24T00:30:43.837800514+02:00","level":"INFO","msg":"[http][middleware]: Requête reçue","method":"POST","path":"/calendar/309","status":201,"ip":"127.0.0.1","latency":58535826}
{"time":"2025-06-24T00:30:48.895886417+02:00","level":"INFO","msg":"[user_calendar][List]: Récupération de la liste des calendriers d'un utilisateur"}
{"time":"2025-06-24T00:30:48.897028834+02:00","level":"INFO","msg":"[user_calendar][List]: Récupération de la liste des calendriers d'un utilisateur - succès, 2 calendriers trouvés"}
{"time":"2025-06-24T00:30:48.897176012+02:00","level":"INFO","msg":"[http][middleware]: Requête reçue","method":"GET","path":"/user-calendar/309","status":200,"ip":"127.0.0.1","latency":2462858}
{"time":"2025-06-24T00:30:56.659051139+02:00","level":"INFO","msg":"[user][Add]: Création d'un utilisateur"}
{"time":"2025-06-24T00:30:56.740267361+02:00","level":"INFO","msg":"[user][Add]: Création d'un utilisateur - succès"}
{"time":"2025-06-24T00:30:56.740341085+02:00","level":"INFO","msg":"[http][middleware]: Requête reçue","method":"POST","path":"/user","status":201,"ip":"127.0.0.1","latency":81303345}
{"time":"2025-06-24T00:31:05.660959334+02:00","level":"INFO","msg":"[user_calendar][List]: Récupération de la liste des calendriers d'un utilisateur"}
{"time":"2025-06-24T00:31:05.661960254+02:00","level":"INFO","msg":"[user_calendar][List]: Récupération de la liste des calendriers d'un utilisateur - succès, 0 calendriers trouvés"}
{"time":"2025-06-24T00:31:05.662003738+02:00","level":"INFO","msg":"[http][middleware]: Requête reçue","method":"GET","path":"/user-calendar/310","status":200,"ip":"127.0.0.1","latency":2637037}
{"time":"2025-06-24T00:31:55.309301481+02:00","level":"INFO","msg":"[http][middleware]: Requête reçue","method":"GET","path":"/user-calendar/309/:calendar_id","status":400,"ip":"::1","latency":1490632}
{"time":"2025-06-24T00:32:07.346674151+02:00","level":"INFO","msg":"[user_calendar][List]: Récupération de la liste des calendriers d'un utilisateur"}
{"time":"2025-06-24T00:32:07.347593312+02:00","level":"INFO","msg":"[user_calendar][List]: Récupération de la liste des calendriers d'un utilisateur - succès, 2 calendriers trouvés"}
{"time":"2025-06-24T00:32:07.347663919+02:00","level":"INFO","msg":"[http][middleware]: Requête reçue","method":"GET","path":"/user-calendar/309","status":200,"ip":"::1","latency":2354034}
{"time":"2025-06-24T00:32:30.586268269+02:00","level":"INFO","msg":"[http][middleware]: Requête reçue","method":"GET","path":"/user-calendar/309/177","status":404,"ip":"::1","latency":1932729}
{"time":"2025-06-24T00:32:42.736134824+02:00","level":"INFO","msg":"[http][middleware]: Requête reçue","method":"GET","path":"/user-calendar/309/1","status":404,"ip":"::1","latency":2146368}
{"time":"2025-06-24T00:32:49.048505981+02:00","level":"INFO","msg":"[user_calendar][List]: Récupération de la liste des calendriers d'un utilisateur"}
{"time":"2025-06-24T00:32:49.04945329+02:00","level":"INFO","msg":"[user_calendar][List]: Récupération de la liste des calendriers d'un utilisateur - succès, 2 calendriers trouvés"}
{"time":"2025-06-24T00:32:49.049513369+02:00","level":"INFO","msg":"[http][middleware]: Requête reçue","method":"GET","path":"/user-calendar/309","status":200,"ip":"::1","latency":2368919}
{"time":"2025-06-24T00:33:04.255911597+02:00","level":"INFO","msg":"[user_calendar][Get]: Récupération d'une liaison utilisateur-calendrier"}
{"time":"2025-06-24T00:33:04.257144085+02:00","level":"INFO","msg":"[user_calendar][Get]: Récupération d'une liaison utilisateur-calendrier - succès"}
{"time":"2025-06-24T00:33:04.257276752+02:00","level":"INFO","msg":"[http][middleware]: Requête reçue","method":"GET","path":"/user-calendar/309/142","status":200,"ip":"::1","latency":3812657}
